<?xml version="1.0" encoding="UTF-8"?>
<!-- Generated by org.testng.reporters.JUnitReportReporter -->
<testsuite hostname="DESKTOP-AHIFNB2" failures="0" tests="1" name="MainTest" time="0.007" errors="0" timestamp="18 Mai 2021 13:54:42 GMT" skipped="0">
  <testcase classname="MainTest" name="CopyV_Given_WeWantToSeeAWelcomeMessage_When_WeGetTheMessage_Then_theMessageShouldBeExactlyHelloCopyV" time="0.007"/>
</testsuite> <!-- MainTest -->
